{
  "RSpec": {
    "coverage": {
      "/opt/webapps/app/app/channels/application_cable/channel.rb": [
        0,
        0,
        0,
        0
      ],
      "/opt/webapps/app/app/channels/application_cable/connection.rb": [
        0,
        0,
        0,
        0
      ],
      "/opt/webapps/app/app/controllers/application_controller.rb": [
        0,
        0
      ],
      "/opt/webapps/app/app/helpers/application_helper.rb": [
        0,
        0
      ],
      "/opt/webapps/app/app/jobs/application_job.rb": [
        0,
        null,
        null,
        null,
        null,
        null,
        0
      ],
      "/opt/webapps/app/app/mailers/application_mailer.rb": [
        0,
        0,
        0,
        0
      ],
      "/opt/webapps/app/app/models/application_record.rb": [
        0,
        0,
        0
      ]
    },
    "timestamp": 1626087145
  }
}
